<?xml version="1.0" encoding="UTF-8"?>
<!-- Generated by org.testng.reporters.JUnitReportReporter -->
<testsuite skipped="0" hostname="Zinnun" name="TestNG.signUpTest" tests="3" failures="0" timestamp="2020-07-18T22:02:55 BDT" time="0.010" errors="0">
  <testcase name="signUpbyfacebook" time="0.003" classname="TestNG.signUpTest"/>
  <system-out/>
  <testcase name="signUpbyTwitter" time="0.004" classname="TestNG.signUpTest"/>
  <system-out/>
  <testcase name="signUpbyEmail" time="0.003" classname="TestNG.signUpTest"/>
  <system-out/>
</testsuite> <!-- TestNG.signUpTest -->
