<?xml version="1.0" encoding="UTF-8"?>
<!-- Generated by org.testng.reporters.JUnitReportReporter -->
<testsuite skipped="0" hostname="Zinnun" name="TestNG.paymentTest" tests="2" failures="0" timestamp="2020-07-18T22:02:55 BDT" time="0.006" errors="0">
  <testcase name="paymentInTaka" time="0.003" classname="TestNG.paymentTest"/>
  <system-out/>
  <testcase name="paymentInDollar" time="0.003" classname="TestNG.paymentTest"/>
  <system-out/>
</testsuite> <!-- TestNG.paymentTest -->
