<?xml version="1.0" encoding="UTF-8"?>
<!-- Generated by org.testng.reporters.JUnitReportReporter -->
<testsuite skipped="0" hostname="Zinnun" name="TestNG.paymentReturns" tests="1" failures="0" timestamp="2020-05-31T21:20:29 BDT" time="0.002" errors="0">
  <testcase name="returnByBank" time="0.002" classname="TestNG.paymentReturns"/>
  <system-out/>
</testsuite> <!-- TestNG.paymentReturns -->
