<?xml version="1.0" encoding="UTF-8"?>
<!-- Generated by org.testng.reporters.JUnitReportReporter -->
<testsuite skipped="0" hostname="Zinnun" name="TestNG.HardAssertions2" tests="1" failures="0" timestamp="2020-05-31T22:44:11 BDT" time="0.014" errors="0">
  <testcase name="test_UsingHardAssertion" time="0.014" classname="TestNG.HardAssertions2"/>
  <system-out/>
</testsuite> <!-- TestNG.HardAssertions2 -->
