<?xml version="1.0" encoding="UTF-8"?>
<!-- Generated by org.testng.reporters.JUnitReportReporter -->
<testsuite skipped="0" hostname="Zinnun" name="TestNG.paymentTest" tests="2" failures="0" timestamp="2020-05-31T21:20:29 BDT" time="0.003" errors="0">
  <testcase name="paymentInDollar" time="0.001" classname="TestNG.paymentTest"/>
  <system-out/>
  <testcase name="paymentInTaka" time="0.002" classname="TestNG.paymentTest"/>
  <system-out/>
</testsuite> <!-- TestNG.paymentTest -->
