<?xml version="1.0" encoding="UTF-8"?>
<!-- Generated by org.testng.reporters.JUnitReportReporter -->
<testsuite skipped="0" hostname="Zinnun" name="TestNG.loginTest" tests="3" failures="0" timestamp="2020-05-31T21:20:29 BDT" time="0.013" errors="0">
  <testcase name="loginbyEmail" time="0.011" classname="TestNG.loginTest"/>
  <system-out/>
  <testcase name="loginbyfacebook" time="0.001" classname="TestNG.loginTest"/>
  <system-out/>
  <testcase name="loginbytwitter" time="0.001" classname="TestNG.loginTest"/>
  <system-out/>
</testsuite> <!-- TestNG.loginTest -->
