<?xml version="1.0" encoding="UTF-8"?>
<!-- Generated by org.testng.reporters.JUnitReportReporter -->
<testsuite skipped="0" hostname="Zinnun" name="TestNG.Test1" tests="2" failures="0" timestamp="2020-05-29T10:40:48 BDT" time="0.011" errors="0">
  <testcase name="m1" time="0.009" classname="TestNG.Test1"/>
  <system-out/>
  <testcase name="m2" time="0.002" classname="TestNG.Test1"/>
  <system-out/>
</testsuite> <!-- TestNG.Test1 -->
