<?xml version="1.0" encoding="UTF-8"?>
<!-- Generated by org.testng.reporters.JUnitReportReporter -->
<testsuite skipped="0" hostname="Zinnun" name="TestNG.loginTest" tests="3" failures="0" timestamp="2020-07-18T22:02:55 BDT" time="0.030" errors="0">
  <testcase name="loginbyfacebook" time="0.003" classname="TestNG.loginTest"/>
  <system-out/>
  <testcase name="loginbyEmail" time="0.024" classname="TestNG.loginTest"/>
  <system-out/>
  <testcase name="loginbytwitter" time="0.003" classname="TestNG.loginTest"/>
  <system-out/>
</testsuite> <!-- TestNG.loginTest -->
